Arguments: 
  D:\Program Files\nodejs\node.exe C:\Users\mgp\AppData\Roaming\npm\node_modules\yarn\bin\yarn.js install

PATH: 
  C:\Program Files (x86)\NVIDIA Corporation\PhysX\Common;D:\Python27\;D:\Python27\Scripts;C:\Program Files (x86)\Common Files\Oracle\Java\javapath;C:\WINDOWS\system32;C:\WINDOWS;C:\WINDOWS\System32\Wbem;C:\WINDOWS\System32\WindowsPowerShell\v1.0\;C:\Program Files\Intel\WiFi\bin\;C:\Program Files\Common Files\Intel\WirelessCommon\;C:\Program Files\Git\cmd;C:\WINDOWS\System32\OpenSSH\;C:\Program Files\Java\jdk1.8.0_181\bin;C:\Program Files\Java\jdk1.8.0_181\jre\bin;D:\Program Files\Microsoft VS Code\bin;D:\platform-tools;D:\phantomjs-2.1.1-windows\bin;D:\Program Files\nodejs\;C:\Program Files\Intel\WiFi\bin\;C:\Program Files\Common Files\Intel\WirelessCommon\;C:\Users\mgp\AppData\Local\Microsoft\WindowsApps;D:\phantomjs-2.1.1-windows\bin;C:\Users\mgp\AppData\Roaming\npm

Yarn version: 
  1.16.0

Node version: 
  12.9.1

Platform: 
  win32 x64

Trace: 
  Error: getaddrinfo ENOENT raw.githubusercontent.com
      at GetAddrInfoReqWrap.onlookup [as oncomplete] (dns.js:60:26)

npm manifest: 
  {
    "name": "deeplink-koa-server",
    "version": "1.0.0",
    "description": "",
    "main": "index.js",
    "dependencies": {
      "@types/ali-oss": "^6.0.4",
      "@types/jsonwebtoken": "^8.3.7",
      "@types/koa-passport": "^4.0.2",
      "@types/md5": "^2.2.0",
      "@types/passport": "^1.0.2",
      "@types/passport-jwt": "^3.0.3",
      "@types/passport-local": "^1.0.33",
      "@types/qr-image": "^3.2.1",
      "@types/uuid": "^7.0.2",
      "ali-oss": "^6.10.0",
      "aliyun-sdk": "^1.12.3",
      "chai": "^4.2.0",
      "class-transformer": "^0.3.1",
      "class-validator": "^0.10.1",
      "jsonwebtoken": "^8.5.1",
      "koa": "^2.13.0",
      "koa-bodyparser": "^4.3.0",
      "koa-multer": "^1.0.2",
      "koa-passport": "^4.1.3",
      "koa-router": "^9.4.0",
      "lodash": "^4.17.19",
      "log4js": "^6.3.0",
      "md5": "^2.3.0",
      "mocha": "^7.1.2",
      "mochawesome": "^6.1.1",
      "mysql2": "^2.2.5",
      "passport": "^0.4.1",
      "passport-jwt": "^4.0.0",
      "passport-local": "^1.0.0",
      "qr-image": "^3.2.0",
      "reflect-metadata": "^0.1.13",
      "routing-controllers": "^0.8.0",
      "tslint": "^5.20.1",
      "uuid": "^8.3.0"
    },
    "devDependencies": {
      "@types/md5": "^2.2.0",
      "@types/koa": "^2.11.0",
      "@types/koa-bodyparser": "^4.3.0",
      "@types/koa-router": "^7.0.42",
      "@types/lodash": "^4.14.149",
      "@types/log4js": "^2.3.5",
      "@types/mysql2": "github:types/mysql2",
      "nodemon": "^2.0.1",
      "ts-node": "^9.0.0",
      "typescript": "^4.0.3"
    },
    "scripts": {
      "test": "./node_modules/.bin/mocha -r ./node_modules/ts-node/register test/**/**.test.ts",
      "test:sql": "./node_modules/.bin/mocha -r ./node_modules/ts-node/register test/sqlLink/sql.test.ts",
      "test:report": "./node_modules/.bin/mocha -r ./node_modules/ts-node/register test/**/**.test.ts --reporter mochawesome",
      "start": "tsc && node dist/src/server.js",
      "dev": "nodemon --watch src/**/* -e ts,tsx --exec ts-node --files ./src/server.ts",
      "watch-server": "nodemon --inspect --watch 'src/**/*' -e ts,tsx --exec 'node -r ts-node/register' ./src/server.ts"
    },
    "repository": {
      "type": "git",
      "url": "git+https://github.com/maoguoping/DeepLink-koa-server.git"
    },
    "author": "",
    "license": "ISC",
    "bugs": {
      "url": "https://github.com/maoguoping/DeepLink-koa-server/issues"
    },
    "homepage": "https://github.com/maoguoping/DeepLink-koa-server#readme"
  }

yarn manifest: 
  No manifest

Lockfile: 
  No lockfile
